The HCMV genome (EF99921) has 168 CDS.
target_id test_stat pval qval
ABV71604.1 14.8058663288888 0.000119164234539767 0.0117093829168113
ABV71622.1 14.4990246483655 0.000140232130740256 0.0117093829168113
ABV71560.1 13.0094839327533 0.000309917340698531 0.0154311874422261
ABV71652.1 12.6798901698129 0.000369609280053321 0.0154311874422261
ABV71626.1 11.8133199295032 0.000588084748467873 0.0172288449428092
ABV71651.1 11.469261959256 0.000707567748131834 0.0172288449428092
ABV71646.1 11.4313109283572 0.000722167153291402 0.0172288449428092
ABV71649.1 11.1497503660432 0.000840429819276908 0.0175439724774055
ABV71561.1 10.4406482452047 0.00123271998392656 0.0228738041461928
ABV71595.1 10.0085965855827 0.00155811209263195 0.0260204719469535
ABV71519.1 8.64355078309844 0.00328221113267218 0.0440877450176177
ABV71596.1 8.5711511482984 0.00341531153068117 0.0440877450176177
ABV71506.1 8.40172409427908 0.00374865309033353 0.0440877450176177
ABV71607.1 8.35147586450072 0.00385374178745047 0.0440877450176177
ABV71635.1 8.30207670055876 0.00395997709739081 0.0440877450176177
ABV71507.1 7.96945436003376 0.00475732768397104 0.0496546077014477
Donor 1 at 2 dpi had 2259287.0 read pairs before Bowtie2 filtering and 1744101.0 read after.
Donor 1 at 6 dpi had 2004530.0 read pairs before Bowtie2 filtering and 1488833.0 read after.
Donor 3 at 2 dpi had 2730258.0 read pairs before Bowtie2 filtering and 2382996.0 read after.
Donor 3 at 6 dpi had 2476889.0 read pairs before Bowtie2 filtering and 1500834.0 read after.
spades -k 55,77,99,127 -t 4 --only-assembler -1 miniProject_Xufang_Deng/merged_1.fq -2 miniProject_Xufang_Deng/merged_2.fq -o HCMV_assembly

There are 55 contigs > 1000 bp in the assembly.
There are 194338 bp in the assembly.


seq_title	align_len	number_HSPs	topHSP_ident	topHSP_gaps	topHSP_bits	topHSP_expect
gi|1273125815|gb|MF871618.1| Synthetic human betaherpesvirus 5 clone TB40-BAC-KL7-SE, complete sequence	242896	66	16247	0	29300.6	0.0
gi|404315683|gb|JX512204.1| Human herpesvirus 5 strain HAN16, complete genome	235112	66	16247	0	29300.6	0.0
gi|523510377|gb|KF297339.1| Human herpesvirus 5 strain TB40/E clone Lisa, complete genome	237683	66	16247	0	29300.6	0.0
gi|157779983|gb|EF999921.1| Human herpesvirus 5 strain TB40/E clone TB40-BAC4, complete sequence	229050	63	16247	0	29300.6	0.0
gi|1098408701|gb|KX544839.1| Human herpesvirus 5 isolate TB40-E_UNC, complete genome	228992	63	16239	5	29246.5	0.0
gi|822908276|gb|KP745712.1| Human herpesvirus 5 strain BE/19/2010, complete genome	235365	64	16192	4	29044.5	0.0
gi|823076282|gb|KR534201.1| Human herpesvirus 5 strain JER2002, complete genome	235339	58	16187	12	29004.0	0.0
gi|822889327|gb|KP745652.1| Human herpesvirus 5 strain BE/2/2011, complete genome	235810	65	16178	4	28984.1	0.0
gi|1098408855|gb|KX544840.1| Human herpesvirus 5 isolate UXCA_Merck_UNC, complete genome	223782	62	16177	3	28983.2	0.0
gi|823075433|gb|KR534196.1| Human herpesvirus 5 strain JER847, complete genome	235713	58	16175	0	28976.0	0.0
